<?xml version="1.0" encoding="UTF-8"?>
<testsuites>
  <testsuite name="fastlane.lanes">
    
    
    
      
      <testcase classname="fastlane.lanes" name="0: default_platform" time="0.000278">
        
      </testcase>
    
      
      <testcase classname="fastlane.lanes" name="1: increment_version_number" time="0.063071">
        
          <failure message="/Users/yeoboya_211221_03/.rbenv/versions/2.7.7/lib/ruby/gems/2.7.0/gems/fastlane-2.211.0/fastlane/lib/fastlane/actions/actions_helper.rb:67:in `execute_action'&#10;/Users/yeoboya_211221_03/.rbenv/versions/2.7.7/lib/ruby/gems/2.7.0/gems/fastlane-2.211.0/fastlane/lib/fastlane/runner.rb:255:in `block in execute_action'&#10;/Users/yeoboya_211221_03/.rbenv/versions/2.7.7/lib/ruby/gems/2.7.0/gems/fastlane-2.211.0/fastlane/lib/fastlane/runner.rb:229:in `chdir'&#10;/Users/yeoboya_211221_03/.rbenv/versions/2.7.7/lib/ruby/gems/2.7.0/gems/fastlane-2.211.0/fastlane/lib/fastlane/runner.rb:229:in `execute_action'&#10;/Users/yeoboya_211221_03/.rbenv/versions/2.7.7/lib/ruby/gems/2.7.0/gems/fastlane-2.211.0/fastlane/lib/fastlane/runner.rb:157:in `trigger_action_by_name'&#10;/Users/yeoboya_211221_03/.rbenv/versions/2.7.7/lib/ruby/gems/2.7.0/gems/fastlane-2.211.0/fastlane/lib/fastlane/fast_file.rb:159:in `method_missing'&#10;Fastfile:25:in `block (2 levels) in parsing_binding'&#10;/Users/yeoboya_211221_03/.rbenv/versions/2.7.7/lib/ruby/gems/2.7.0/gems/fastlane-2.211.0/fastlane/lib/fastlane/lane.rb:33:in `call'&#10;/Users/yeoboya_211221_03/.rbenv/versions/2.7.7/lib/ruby/gems/2.7.0/gems/fastlane-2.211.0/fastlane/lib/fastlane/runner.rb:49:in `block in execute'&#10;/Users/yeoboya_211221_03/.rbenv/versions/2.7.7/lib/ruby/gems/2.7.0/gems/fastlane-2.211.0/fastlane/lib/fastlane/runner.rb:45:in `chdir'&#10;/Users/yeoboya_211221_03/.rbenv/versions/2.7.7/lib/ruby/gems/2.7.0/gems/fastlane-2.211.0/fastlane/lib/fastlane/runner.rb:45:in `execute'&#10;/Users/yeoboya_211221_03/.rbenv/versions/2.7.7/lib/ruby/gems/2.7.0/gems/fastlane-2.211.0/fastlane/lib/fastlane/lane_manager.rb:47:in `cruise_lane'&#10;/Users/yeoboya_211221_03/.rbenv/versions/2.7.7/lib/ruby/gems/2.7.0/gems/fastlane-2.211.0/fastlane/lib/fastlane/command_line_handler.rb:36:in `handle'&#10;/Users/yeoboya_211221_03/.rbenv/versions/2.7.7/lib/ruby/gems/2.7.0/gems/fastlane-2.211.0/fastlane/lib/fastlane/commands_generator.rb:110:in `block (2 levels) in run'&#10;/Users/yeoboya_211221_03/.rbenv/versions/2.7.7/lib/ruby/gems/2.7.0/gems/commander-4.6.0/lib/commander/command.rb:187:in `call'&#10;/Users/yeoboya_211221_03/.rbenv/versions/2.7.7/lib/ruby/gems/2.7.0/gems/commander-4.6.0/lib/commander/command.rb:157:in `run'&#10;/Users/yeoboya_211221_03/.rbenv/versions/2.7.7/lib/ruby/gems/2.7.0/gems/commander-4.6.0/lib/commander/runner.rb:444:in `run_active_command'&#10;/Users/yeoboya_211221_03/.rbenv/versions/2.7.7/lib/ruby/gems/2.7.0/gems/fastlane-2.211.0/fastlane_core/lib/fastlane_core/ui/fastlane_runner.rb:124:in `run!'&#10;/Users/yeoboya_211221_03/.rbenv/versions/2.7.7/lib/ruby/gems/2.7.0/gems/commander-4.6.0/lib/commander/delegates.rb:18:in `run!'&#10;/Users/yeoboya_211221_03/.rbenv/versions/2.7.7/lib/ruby/gems/2.7.0/gems/fastlane-2.211.0/fastlane/lib/fastlane/commands_generator.rb:354:in `run'&#10;/Users/yeoboya_211221_03/.rbenv/versions/2.7.7/lib/ruby/gems/2.7.0/gems/fastlane-2.211.0/fastlane/lib/fastlane/commands_generator.rb:43:in `start'&#10;/Users/yeoboya_211221_03/.rbenv/versions/2.7.7/lib/ruby/gems/2.7.0/gems/fastlane-2.211.0/fastlane/lib/fastlane/cli_tools_distributor.rb:123:in `take_off'&#10;/Users/yeoboya_211221_03/.rbenv/versions/2.7.7/lib/ruby/gems/2.7.0/gems/fastlane-2.211.0/bin/fastlane:23:in `&lt;top (required)&gt;'&#10;/Users/yeoboya_211221_03/.rbenv/versions/2.7.7/bin/fastlane:23:in `load'&#10;/Users/yeoboya_211221_03/.rbenv/versions/2.7.7/bin/fastlane:23:in `&lt;main&gt;'&#10;&#10;Exit status of command 'cd /Users/yeoboya_211221_03/Desktop/Healthy &amp;&amp; agvtool new-marketing-version 1.0.0' was 3 instead of 0.&#10;There are no Xcode project files in this directory.  agvtool needs a project to operate.&#10;" />
        
      </testcase>
    
      
      <testcase classname="fastlane.lanes" name="2: slack" time="0.37608">
        
          <failure message="/Users/yeoboya_211221_03/.rbenv/versions/2.7.7/lib/ruby/gems/2.7.0/gems/fastlane-2.211.0/fastlane/lib/fastlane/actions/actions_helper.rb:67:in `execute_action'&#10;/Users/yeoboya_211221_03/.rbenv/versions/2.7.7/lib/ruby/gems/2.7.0/gems/fastlane-2.211.0/fastlane/lib/fastlane/runner.rb:255:in `block in execute_action'&#10;/Users/yeoboya_211221_03/.rbenv/versions/2.7.7/lib/ruby/gems/2.7.0/gems/fastlane-2.211.0/fastlane/lib/fastlane/runner.rb:229:in `chdir'&#10;/Users/yeoboya_211221_03/.rbenv/versions/2.7.7/lib/ruby/gems/2.7.0/gems/fastlane-2.211.0/fastlane/lib/fastlane/runner.rb:229:in `execute_action'&#10;/Users/yeoboya_211221_03/.rbenv/versions/2.7.7/lib/ruby/gems/2.7.0/gems/fastlane-2.211.0/fastlane/lib/fastlane/runner.rb:157:in `trigger_action_by_name'&#10;/Users/yeoboya_211221_03/.rbenv/versions/2.7.7/lib/ruby/gems/2.7.0/gems/fastlane-2.211.0/fastlane/lib/fastlane/fast_file.rb:159:in `method_missing'&#10;Fastfile:107:in `block (2 levels) in parsing_binding'&#10;/Users/yeoboya_211221_03/.rbenv/versions/2.7.7/lib/ruby/gems/2.7.0/gems/fastlane-2.211.0/fastlane/lib/fastlane/runner.rb:62:in `block in execute'&#10;/Users/yeoboya_211221_03/.rbenv/versions/2.7.7/lib/ruby/gems/2.7.0/gems/fastlane-2.211.0/fastlane/lib/fastlane/runner.rb:59:in `chdir'&#10;/Users/yeoboya_211221_03/.rbenv/versions/2.7.7/lib/ruby/gems/2.7.0/gems/fastlane-2.211.0/fastlane/lib/fastlane/runner.rb:59:in `rescue in execute'&#10;/Users/yeoboya_211221_03/.rbenv/versions/2.7.7/lib/ruby/gems/2.7.0/gems/fastlane-2.211.0/fastlane/lib/fastlane/runner.rb:44:in `execute'&#10;/Users/yeoboya_211221_03/.rbenv/versions/2.7.7/lib/ruby/gems/2.7.0/gems/fastlane-2.211.0/fastlane/lib/fastlane/lane_manager.rb:47:in `cruise_lane'&#10;/Users/yeoboya_211221_03/.rbenv/versions/2.7.7/lib/ruby/gems/2.7.0/gems/fastlane-2.211.0/fastlane/lib/fastlane/command_line_handler.rb:36:in `handle'&#10;/Users/yeoboya_211221_03/.rbenv/versions/2.7.7/lib/ruby/gems/2.7.0/gems/fastlane-2.211.0/fastlane/lib/fastlane/commands_generator.rb:110:in `block (2 levels) in run'&#10;/Users/yeoboya_211221_03/.rbenv/versions/2.7.7/lib/ruby/gems/2.7.0/gems/commander-4.6.0/lib/commander/command.rb:187:in `call'&#10;/Users/yeoboya_211221_03/.rbenv/versions/2.7.7/lib/ruby/gems/2.7.0/gems/commander-4.6.0/lib/commander/command.rb:157:in `run'&#10;/Users/yeoboya_211221_03/.rbenv/versions/2.7.7/lib/ruby/gems/2.7.0/gems/commander-4.6.0/lib/commander/runner.rb:444:in `run_active_command'&#10;/Users/yeoboya_211221_03/.rbenv/versions/2.7.7/lib/ruby/gems/2.7.0/gems/fastlane-2.211.0/fastlane_core/lib/fastlane_core/ui/fastlane_runner.rb:124:in `run!'&#10;/Users/yeoboya_211221_03/.rbenv/versions/2.7.7/lib/ruby/gems/2.7.0/gems/commander-4.6.0/lib/commander/delegates.rb:18:in `run!'&#10;/Users/yeoboya_211221_03/.rbenv/versions/2.7.7/lib/ruby/gems/2.7.0/gems/fastlane-2.211.0/fastlane/lib/fastlane/commands_generator.rb:354:in `run'&#10;/Users/yeoboya_211221_03/.rbenv/versions/2.7.7/lib/ruby/gems/2.7.0/gems/fastlane-2.211.0/fastlane/lib/fastlane/commands_generator.rb:43:in `start'&#10;/Users/yeoboya_211221_03/.rbenv/versions/2.7.7/lib/ruby/gems/2.7.0/gems/fastlane-2.211.0/fastlane/lib/fastlane/cli_tools_distributor.rb:123:in `take_off'&#10;/Users/yeoboya_211221_03/.rbenv/versions/2.7.7/lib/ruby/gems/2.7.0/gems/fastlane-2.211.0/bin/fastlane:23:in `&lt;top (required)&gt;'&#10;/Users/yeoboya_211221_03/.rbenv/versions/2.7.7/bin/fastlane:23:in `load'&#10;/Users/yeoboya_211221_03/.rbenv/versions/2.7.7/bin/fastlane:23:in `&lt;main&gt;'&#10;&#10;Error pushing Slack message, maybe the integration has no permission to post on this channel? Try removing the channel parameter in your Fastfile, this is usually caused by a misspelled or changed group/channel name or an expired SLACK_URL" />
        
      </testcase>
    
  </testsuite>
</testsuites>
